Using pre-set license
Built from '2020.3/staging' branch; Version is '2020.3.17f1 (a4537701e4ab) revision 10769271'; Using compiler version '192528614'; Build Type 'Release'
OS: 'Windows 10 Pro; OS build 22000.194; Version 2009; 64bit' Language: 'en' Physical Memory: 12194 MB
BatchMode: 1, IsHumanControllingUs: 0, StartBugReporterOnCrash: 0, Is64bit: 1, IsPro: 0

COMMAND LINE ARGUMENTS:
C:\Program Files\Unity\Hub\Editor\2020.3.17f1\Editor\Unity.exe
-adb2
-batchMode
-noUpm
-name
AssetImportWorker0
-projectPath
C:/Unity/squid-games
-logFile
Logs/AssetImportWorker0.log
-srvPort
56477
Successfully changed project path to: C:/Unity/squid-games
C:/Unity/squid-games
Using Asset Import Pipeline V2.
Refreshing native plugins compatible for Editor in 47.64 ms, found 2 plugins.
Preloading 0 native plugins for Editor in 0.00 ms.
Initialize engine version: 2020.3.17f1 (a4537701e4ab)
[Subsystems] Discovering subsystems at path C:/Program Files/Unity/Hub/Editor/2020.3.17f1/Editor/Data/Resources/UnitySubsystems
[Subsystems] Discovering subsystems at path C:/Unity/squid-games/Assets
GfxDevice: creating device client; threaded=0
Direct3D:
    Version:  Direct3D 11.0 [level 11.0]
    Renderer: NVIDIA GeForce GT 710 (ID=0x128b)
    Vendor:   
    VRAM:     2007 MB
    Driver:   27.21.14.5671
Initialize mono
Mono path[0] = 'C:/Program Files/Unity/Hub/Editor/2020.3.17f1/Editor/Data/Managed'
Mono path[1] = 'C:/Program Files/Unity/Hub/Editor/2020.3.17f1/Editor/Data/MonoBleedingEdge/lib/mono/unityjit'
Mono config path = 'C:/Program Files/Unity/Hub/Editor/2020.3.17f1/Editor/Data/MonoBleedingEdge/etc'
Using monoOptions --debugger-agent=transport=dt_socket,embedding=1,server=y,suspend=n,address=127.0.0.1:56252
Begin MonoManager ReloadAssembly
Registering precompiled unity dll's ...
Register platform support module: C:/Program Files/Unity/Hub/Editor/2020.3.17f1/Editor/Data/PlaybackEngines/WindowsStandaloneSupport/UnityEditor.WindowsStandalone.Extensions.dll
Registered in 0.001741 seconds.
Native extension for WindowsStandalone target not found
Refreshing native plugins compatible for Editor in 40.20 ms, found 2 plugins.
Preloading 0 native plugins for Editor in 0.00 ms.
Mono: successfully reloaded assembly
- Completed reload, in  2.331 seconds
Domain Reload Profiling:
	ReloadAssembly (2331ms)
		BeginReloadAssembly (65ms)
			ExecutionOrderSort (0ms)
			DisableScriptedObjects (0ms)
			BackupInstance (0ms)
			ReleaseScriptingObjects (0ms)
			CreateAndSetChildDomain (1ms)
		EndReloadAssembly (505ms)
			LoadAssemblies (63ms)
			RebuildTransferFunctionScriptingTraits (0ms)
			SetupTypeCache (189ms)
			ReleaseScriptCaches (0ms)
			RebuildScriptCaches (43ms)
			SetupLoadedEditorAssemblies (197ms)
				LogAssemblyErrors (0ms)
				InitializePlatformSupportModulesInManaged (5ms)
				SetLoadedEditorAssemblies (0ms)
				RefreshPlugins (40ms)
				BeforeProcessingInitializeOnLoad (15ms)
				ProcessInitializeOnLoadAttributes (100ms)
				ProcessInitializeOnLoadMethodAttributes (35ms)
				AfterProcessingInitializeOnLoad (0ms)
				EditorAssembliesLoaded (1ms)
			ExecutionOrderSort2 (0ms)
			AwakeInstancesAfterBackupRestoration (0ms)
Platform modules already initialized, skipping
Registering precompiled user dll's ...
Registered in 0.005234 seconds.
Begin MonoManager ReloadAssembly
Native extension for WindowsStandalone target not found
Refreshing native plugins compatible for Editor in 0.54 ms, found 2 plugins.
Preloading 0 native plugins for Editor in 0.00 ms.
Mono: successfully reloaded assembly
- Completed reload, in  1.337 seconds
Domain Reload Profiling:
	ReloadAssembly (1338ms)
		BeginReloadAssembly (172ms)
			ExecutionOrderSort (0ms)
			DisableScriptedObjects (6ms)
			BackupInstance (0ms)
			ReleaseScriptingObjects (0ms)
			CreateAndSetChildDomain (23ms)
		EndReloadAssembly (1094ms)
			LoadAssemblies (102ms)
			RebuildTransferFunctionScriptingTraits (0ms)
			SetupTypeCache (344ms)
			ReleaseScriptCaches (1ms)
			RebuildScriptCaches (66ms)
			SetupLoadedEditorAssemblies (464ms)
				LogAssemblyErrors (0ms)
				InitializePlatformSupportModulesInManaged (6ms)
				SetLoadedEditorAssemblies (0ms)
				RefreshPlugins (1ms)
				BeforeProcessingInitializeOnLoad (91ms)
				ProcessInitializeOnLoadAttributes (347ms)
				ProcessInitializeOnLoadMethodAttributes (14ms)
				AfterProcessingInitializeOnLoad (5ms)
				EditorAssembliesLoaded (0ms)
			ExecutionOrderSort2 (0ms)
			AwakeInstancesAfterBackupRestoration (8ms)
Platform modules already initialized, skipping
========================================================================
Worker process is ready to serve import requests
Launched and connected shader compiler UnityShaderCompiler.exe after 0.07 seconds
Refreshing native plugins compatible for Editor in 0.56 ms, found 2 plugins.
Preloading 0 native plugins for Editor in 0.00 ms.
Unloading 1782 Unused Serialized files (Serialized files now loaded: 0)
System memory in use before: 79.3 MB.
System memory in use after: 79.4 MB.

Unloading 28 unused Assets to reduce memory usage. Loaded Objects now: 2229.
Total: 3.949600 ms (FindLiveObjects: 0.201100 ms CreateObjectMapping: 0.113500 ms MarkObjects: 3.538100 ms  DeleteObjects: 0.095000 ms)

AssetImportParameters requested are different than current active one (requested -> active):
  custom:framework-win-MediaFoundation: 216162199b28c13a410421893ffa2e32 -> 
  custom:video-decoder-ogg-theora: a1e56fd34408186e4bbccfd4996cb3dc -> 
  custom:container-muxer-webm: aa71ff27fc2769a1b78a27578f13a17b -> 
  custom:container-demuxer-webm: 4f35f7cbe854078d1ac9338744f61a02 -> 
  custom:container-demuxer-ogg: 62fdf1f143b41e24485cea50d1cbac27 -> 
  custom:video-encoder-webm-vp8: eb34c28f22e8b96e1ab97ce403110664 -> 
  custom:video-decoder-webm-vp8: 9c59270c3fd7afecdb556c50c9e8de78 -> 
  custom:audio-decoder-ogg-vorbis: bf7c407c2cedff20999df2af8eb42d56 -> 
  custom:audio-encoder-webm-vorbis: bf7c407c2cedff20999df2af8eb42d56 -> 
========================================================================
Received Import Request.
  path: Assets/Font/Roboto-Medium.ttf
  artifactKey: Guid(0cf1d3a857ce418481da66c292728527) Importer(815301076,1909f56bfc062723c751e8b465ee728b)
Start importing Assets/Font/Roboto-Medium.ttf using Guid(0cf1d3a857ce418481da66c292728527) Importer(815301076,1909f56bfc062723c751e8b465ee728b)  -> (artifact id: '28071b4b5fa08ca5fea8361d2466236b') in 0.142242 seconds 
  Import took 0.145881 seconds .

========================================================================
Received Import Request.
  Time since last request: 0.000047 seconds.
  path: Assets/Materials/CFXM2_Debris_SmallRocks AB 4Frames.mat
  artifactKey: Guid(c3674a0714bb43ff89672c33061a1f18) Importer(815301076,1909f56bfc062723c751e8b465ee728b)
Start importing Assets/Materials/CFXM2_Debris_SmallRocks AB 4Frames.mat using Guid(c3674a0714bb43ff89672c33061a1f18) Importer(815301076,1909f56bfc062723c751e8b465ee728b)  -> (artifact id: '1abb0e26e78f588b7d121413878d6acd') in 0.024906 seconds 
  Import took 0.031215 seconds .

========================================================================
Received Import Request.
  Time since last request: 0.000218 seconds.
  path: Assets/Materials/common_male_4_head_low.mat
  artifactKey: Guid(398f7ddf8d424e37882abd16eb84c01a) Importer(815301076,1909f56bfc062723c751e8b465ee728b)
Start importing Assets/Materials/common_male_4_head_low.mat using Guid(398f7ddf8d424e37882abd16eb84c01a) Importer(815301076,1909f56bfc062723c751e8b465ee728b)  -> (artifact id: '7f44e6ac21fcdec4f6e97a44979acf57') in 0.037840 seconds 
  Import took 0.042013 seconds .

========================================================================
Received Import Request.
  Time since last request: 0.000297 seconds.
  path: Assets/Materials/common_female_2_head_low.mat
  artifactKey: Guid(64240293123e494d9a2461aa5140ed75) Importer(815301076,1909f56bfc062723c751e8b465ee728b)
Start importing Assets/Materials/common_female_2_head_low.mat using Guid(64240293123e494d9a2461aa5140ed75) Importer(815301076,1909f56bfc062723c751e8b465ee728b)  -> (artifact id: 'd155f591c81e6e74481fd94d072efe3a') in 0.022539 seconds 
  Import took 0.026107 seconds .

========================================================================
Received Import Request.
  Time since last request: 0.000184 seconds.
  path: Assets/squid-game-sipahi/models/Rifle Idle (2).fbx
  artifactKey: Guid(d511dff3fc63d3c4885b9224683882d5) Importer(815301076,1909f56bfc062723c751e8b465ee728b)
Start importing Assets/squid-game-sipahi/models/Rifle Idle (2).fbx using Guid(d511dff3fc63d3c4885b9224683882d5) Importer(815301076,1909f56bfc062723c751e8b465ee728b)  -> (artifact id: '5fb2fcb45ca5b9e513bf3fe4dfe0245e') in 0.132020 seconds 
  Import took 0.135394 seconds .

========================================================================
Received Import Request.
  Time since last request: 0.000373 seconds.
  path: Assets/squid-game-sipahi/models/P1.fbx
  artifactKey: Guid(26df807e1627bcc439962ebfee73ded3) Importer(815301076,1909f56bfc062723c751e8b465ee728b)
Start importing Assets/squid-game-sipahi/models/P1.fbx using Guid(26df807e1627bcc439962ebfee73ded3) Importer(815301076,1909f56bfc062723c751e8b465ee728b)  -> (artifact id: '76e685c3acca96ba148664bdd2cceb31') in 0.042231 seconds 
  Import took 0.045962 seconds .

========================================================================
Received Import Request.
  Time since last request: 0.000202 seconds.
  path: Assets/LowPolyWaterv2/Demos/Materials/LPWaterCustom.mat
  artifactKey: Guid(1db1255ebdc42b04e91f4213e563fb40) Importer(815301076,1909f56bfc062723c751e8b465ee728b)
Start importing Assets/LowPolyWaterv2/Demos/Materials/LPWaterCustom.mat using Guid(1db1255ebdc42b04e91f4213e563fb40) Importer(815301076,1909f56bfc062723c751e8b465ee728b)  -> (artifact id: '9c3c754d9e09c547affcf9983be8a953') in 0.144703 seconds 
  Import took 0.148108 seconds .

========================================================================
Received Import Request.
  Time since last request: 0.000260 seconds.
  path: Assets/Materials/common_female_1_head_low.mat
  artifactKey: Guid(d7f9892e1ccf47edb0d3265733b95795) Importer(815301076,1909f56bfc062723c751e8b465ee728b)
Start importing Assets/Materials/common_female_1_head_low.mat using Guid(d7f9892e1ccf47edb0d3265733b95795) Importer(815301076,1909f56bfc062723c751e8b465ee728b)  -> (artifact id: 'c70548b20be2aad8e5c99d0094b749f4') in 0.020345 seconds 
  Import took 0.023844 seconds .

========================================================================
Received Import Request.
  Time since last request: 0.000226 seconds.
  path: Assets/Materials/CFX2_Club Add.mat
  artifactKey: Guid(c5bf84a73d3c42fba4c34b811c759d7f) Importer(815301076,1909f56bfc062723c751e8b465ee728b)
Start importing Assets/Materials/CFX2_Club Add.mat using Guid(c5bf84a73d3c42fba4c34b811c759d7f) Importer(815301076,1909f56bfc062723c751e8b465ee728b)  -> (artifact id: '412efd297348ed7efa73d750410b0b4d') in 0.021284 seconds 
  Import took 0.024454 seconds .

========================================================================
Received Import Request.
  Time since last request: 0.000191 seconds.
  path: Assets/LowPolyWaterv2/Demos/Materials/LPWaterHighQualityDemo.mat
  artifactKey: Guid(fccc2d1bd18a3f84e91e73af7fc9a1aa) Importer(815301076,1909f56bfc062723c751e8b465ee728b)
Start importing Assets/LowPolyWaterv2/Demos/Materials/LPWaterHighQualityDemo.mat using Guid(fccc2d1bd18a3f84e91e73af7fc9a1aa) Importer(815301076,1909f56bfc062723c751e8b465ee728b)  -> (artifact id: '172158fb96bd9975da9b1b6bd601e964') in 0.021107 seconds 
  Import took 0.024906 seconds .

========================================================================
Received Import Request.
  Time since last request: 0.000207 seconds.
  path: Assets/Materials/Font Material_d3.mat
  artifactKey: Guid(ab101931806d482c92933124ba5dcfab) Importer(815301076,1909f56bfc062723c751e8b465ee728b)
Start importing Assets/Materials/Font Material_d3.mat using Guid(ab101931806d482c92933124ba5dcfab) Importer(815301076,1909f56bfc062723c751e8b465ee728b)  -> (artifact id: 'e6ecfbbca76dff6568bf352136ed0cba') in 0.028601 seconds 
  Import took 0.031906 seconds .

========================================================================
Received Import Request.
  Time since last request: 0.000184 seconds.
  path: Assets/Materials/Sand_10_Reversed.mat
  artifactKey: Guid(dd166a78d0784b60b71dff809adf2348) Importer(815301076,1909f56bfc062723c751e8b465ee728b)
Start importing Assets/Materials/Sand_10_Reversed.mat using Guid(dd166a78d0784b60b71dff809adf2348) Importer(815301076,1909f56bfc062723c751e8b465ee728b)  -> (artifact id: 'be601523ab783aa57839b48f8776f65c') in 0.020548 seconds 
  Import took 0.024029 seconds .

========================================================================
Received Import Request.
  Time since last request: 0.000196 seconds.
  path: Assets/Materials/common_female_4_head_low.mat
  artifactKey: Guid(eda45e1bf74e4c369a49566e2d6deef1) Importer(815301076,1909f56bfc062723c751e8b465ee728b)
Start importing Assets/Materials/common_female_4_head_low.mat using Guid(eda45e1bf74e4c369a49566e2d6deef1) Importer(815301076,1909f56bfc062723c751e8b465ee728b)  -> (artifact id: '2f675b5bcdcb852ac69f7482a92a14f5') in 0.018770 seconds 
  Import took 0.022361 seconds .

========================================================================
Received Import Request.
  Time since last request: 0.000220 seconds.
  path: Assets/Materials/Skybox_02.mat
  artifactKey: Guid(a9d8ceb167754269a722512a0dfdfcfd) Importer(815301076,1909f56bfc062723c751e8b465ee728b)
Start importing Assets/Materials/Skybox_02.mat using Guid(a9d8ceb167754269a722512a0dfdfcfd) Importer(815301076,1909f56bfc062723c751e8b465ee728b)  -> (artifact id: 'c057f19193265ccf0c1082117266b5b5') in 0.050592 seconds 
  Import took 0.055331 seconds .

========================================================================
Received Import Request.
  Time since last request: 0.000291 seconds.
  path: Assets/Materials/Crown_Material.mat
  artifactKey: Guid(7ad2cc8837434d4c8cde7cf9219f4811) Importer(815301076,1909f56bfc062723c751e8b465ee728b)
Start importing Assets/Materials/Crown_Material.mat using Guid(7ad2cc8837434d4c8cde7cf9219f4811) Importer(815301076,1909f56bfc062723c751e8b465ee728b)  -> (artifact id: '8036d02e2518d2f304d4b958b1a27e79') in 0.039141 seconds 
  Import took 0.042916 seconds .

========================================================================
Received Import Request.
  Time since last request: 0.000201 seconds.
  path: Assets/Materials/Sand_1_Reversed.mat
  artifactKey: Guid(c90dd8cc81dc4644995f742e7868ccf6) Importer(815301076,1909f56bfc062723c751e8b465ee728b)
Start importing Assets/Materials/Sand_1_Reversed.mat using Guid(c90dd8cc81dc4644995f742e7868ccf6) Importer(815301076,1909f56bfc062723c751e8b465ee728b)  -> (artifact id: '52ae5f11a5dc20c304b9b31ad097c04d') in 0.019312 seconds 
  Import took 0.022880 seconds .

========================================================================
Received Import Request.
  Time since last request: 0.000249 seconds.
  path: Assets/Materials/common_female_2_body_low.mat
  artifactKey: Guid(602f339ad70e452c99b14404f4c5f798) Importer(815301076,1909f56bfc062723c751e8b465ee728b)
Start importing Assets/Materials/common_female_2_body_low.mat using Guid(602f339ad70e452c99b14404f4c5f798) Importer(815301076,1909f56bfc062723c751e8b465ee728b)  -> (artifact id: 'd1c47730b8b6c273ea5305bd40341733') in 0.030025 seconds 
  Import took 0.034808 seconds .

========================================================================
Received Import Request.
  Time since last request: 0.000183 seconds.
  path: Assets/Materials/CFXM_Anim_Splash_4frms.mat
  artifactKey: Guid(d8e9d66ecae047959bba7adbc5014c4a) Importer(815301076,1909f56bfc062723c751e8b465ee728b)
Start importing Assets/Materials/CFXM_Anim_Splash_4frms.mat using Guid(d8e9d66ecae047959bba7adbc5014c4a) Importer(815301076,1909f56bfc062723c751e8b465ee728b)  -> (artifact id: '03b7af32baeba4791c1165cc31094f92') in 0.018416 seconds 
  Import took 0.024310 seconds .

========================================================================
Received Import Request.
  Time since last request: 0.000260 seconds.
  path: Assets/Materials/CFXM2_ShatteredGround1.mat
  artifactKey: Guid(ce7a20ae230b4ba6b83df75f67699760) Importer(815301076,1909f56bfc062723c751e8b465ee728b)
Start importing Assets/Materials/CFXM2_ShatteredGround1.mat using Guid(ce7a20ae230b4ba6b83df75f67699760) Importer(815301076,1909f56bfc062723c751e8b465ee728b)  -> (artifact id: 'c98980492a7b685dfe63dfcc5da28e1f') in 0.031664 seconds 
  Import took 0.035457 seconds .

========================================================================
Received Import Request.
  Time since last request: 0.000271 seconds.
  path: Assets/squid-game-sipahi/models/Enim Girl.fbx
  artifactKey: Guid(ca1e1953abd1f2840a2fc71e53b75c7c) Importer(815301076,1909f56bfc062723c751e8b465ee728b)
Start importing Assets/squid-game-sipahi/models/Enim Girl.fbx using Guid(ca1e1953abd1f2840a2fc71e53b75c7c) Importer(815301076,1909f56bfc062723c751e8b465ee728b)  -> (artifact id: '2db3e214620a59b6b88ec604c9938c23') in 0.074437 seconds 
  Import took 0.079149 seconds .

========================================================================
Received Import Request.
  Time since last request: 0.000204 seconds.
  path: Assets/Materials/HeliceBottom.mat
  artifactKey: Guid(e238aff2a8764498907f152b9052d251) Importer(815301076,1909f56bfc062723c751e8b465ee728b)
Start importing Assets/Materials/HeliceBottom.mat using Guid(e238aff2a8764498907f152b9052d251) Importer(815301076,1909f56bfc062723c751e8b465ee728b)  -> (artifact id: '90bbae6cb20d82726fc138a7f638003c') in 0.017280 seconds 
  Import took 0.021476 seconds .

========================================================================
Received Import Request.
  Time since last request: 0.000091 seconds.
  path: Assets/Materials/Bodyboard_03.mat
  artifactKey: Guid(e0b9692cfde74dfebdbc60b843f8fa3b) Importer(815301076,1909f56bfc062723c751e8b465ee728b)
Start importing Assets/Materials/Bodyboard_03.mat using Guid(e0b9692cfde74dfebdbc60b843f8fa3b) Importer(815301076,1909f56bfc062723c751e8b465ee728b)  -> (artifact id: 'ae863364e94321af5db53e10bf1a546e') in 0.225588 seconds 
  Import took 0.229425 seconds .

========================================================================
Received Import Request.
  Time since last request: 0.000251 seconds.
  path: Assets/Font/ConcertOne-Regular.ttf
  artifactKey: Guid(f9fb3bf8c5864b6caa1ffc3eecea9e3f) Importer(815301076,1909f56bfc062723c751e8b465ee728b)
Start importing Assets/Font/ConcertOne-Regular.ttf using Guid(f9fb3bf8c5864b6caa1ffc3eecea9e3f) Importer(815301076,1909f56bfc062723c751e8b465ee728b)  -> (artifact id: '5a71077af290aa6ce08ed9839190530c') in 0.023099 seconds 
  Import took 0.026381 seconds .

========================================================================
Received Import Request.
  Time since last request: 0.000308 seconds.
  path: Assets/LowPolyWaterv2/Editor/Resources/LPWDefault.mat
  artifactKey: Guid(f0d28705709c1b64baf441c5fcc42ebb) Importer(815301076,1909f56bfc062723c751e8b465ee728b)
Start importing Assets/LowPolyWaterv2/Editor/Resources/LPWDefault.mat using Guid(f0d28705709c1b64baf441c5fcc42ebb) Importer(815301076,1909f56bfc062723c751e8b465ee728b)  -> (artifact id: '981b1dc9655b1d807871f420b3b5e417') in 0.123587 seconds 
  Import took 0.127806 seconds .

========================================================================
Received Import Request.
  Time since last request: 0.000204 seconds.
  path: Assets/AlmostEngine/Shared/Materials/Checker.mat
  artifactKey: Guid(a80035b01908338498c8d16faddbf928) Importer(815301076,1909f56bfc062723c751e8b465ee728b)
Start importing Assets/AlmostEngine/Shared/Materials/Checker.mat using Guid(a80035b01908338498c8d16faddbf928) Importer(815301076,1909f56bfc062723c751e8b465ee728b)  -> (artifact id: '50a773437498836108f937045b3ca7ea') in 0.135055 seconds 
  Import took 0.138385 seconds .

========================================================================
Received Import Request.
  Time since last request: 0.000269 seconds.
  path: Assets/Materials/WaterMaterial.mat
  artifactKey: Guid(3a02acf95e704fe785d52200e3d41980) Importer(815301076,1909f56bfc062723c751e8b465ee728b)
Start importing Assets/Materials/WaterMaterial.mat using Guid(3a02acf95e704fe785d52200e3d41980) Importer(815301076,1909f56bfc062723c751e8b465ee728b)  -> (artifact id: 'a5610ea8fc037103bdaa315d1c376b96') in 0.020672 seconds 
  Import took 0.023901 seconds .

========================================================================
Received Import Request.
  Time since last request: 0.000241 seconds.
  path: Assets/Materials/CFXM_Anim_Triangle3_Add.mat
  artifactKey: Guid(328cdb78ad8b4055b94007f7de6bd8f0) Importer(815301076,1909f56bfc062723c751e8b465ee728b)
Start importing Assets/Materials/CFXM_Anim_Triangle3_Add.mat using Guid(328cdb78ad8b4055b94007f7de6bd8f0) Importer(815301076,1909f56bfc062723c751e8b465ee728b)  -> (artifact id: '3a9cbfae325f12f62126e7af54598a7c') in 0.021272 seconds 
  Import took 0.025301 seconds .

========================================================================
Received Import Request.
  Time since last request: 0.000203 seconds.
  path: Assets/Materials/Default-Material.mat
  artifactKey: Guid(6cc4f098cfd04d22a0bd4ae3627f5d8e) Importer(815301076,1909f56bfc062723c751e8b465ee728b)
Start importing Assets/Materials/Default-Material.mat using Guid(6cc4f098cfd04d22a0bd4ae3627f5d8e) Importer(815301076,1909f56bfc062723c751e8b465ee728b)  -> (artifact id: 'c7afdc72b7db5e056a35e6f217a1bbf3') in 0.019820 seconds 
  Import took 0.023704 seconds .

========================================================================
Received Import Request.
  Time since last request: 0.000042 seconds.
  path: Assets/Materials/Default-Skybox.mat
  artifactKey: Guid(443f24de5b1046c4bf6c48ca0b22a149) Importer(815301076,1909f56bfc062723c751e8b465ee728b)
Start importing Assets/Materials/Default-Skybox.mat using Guid(443f24de5b1046c4bf6c48ca0b22a149) Importer(815301076,1909f56bfc062723c751e8b465ee728b)  -> (artifact id: 'e9d44ce810d20d8e78f724509a8d1187') in 0.028577 seconds 
  Import took 0.032488 seconds .

========================================================================
Received Import Request.
  Time since last request: 0.000232 seconds.
  path: Assets/Materials/common_female_1_body_low.mat
  artifactKey: Guid(d73051e0b1d04e35a3ec7ee03af1aff5) Importer(815301076,1909f56bfc062723c751e8b465ee728b)
Start importing Assets/Materials/common_female_1_body_low.mat using Guid(d73051e0b1d04e35a3ec7ee03af1aff5) Importer(815301076,1909f56bfc062723c751e8b465ee728b)  -> (artifact id: '4e28874cc1427f5df84eff99b7489448') in 0.021281 seconds 
  Import took 0.025121 seconds .

========================================================================
Received Import Request.
  Time since last request: 0.000203 seconds.
  path: Assets/Materials/Font Material_d4.mat
  artifactKey: Guid(a395830125ea4f4a9e86586f795d5f46) Importer(815301076,1909f56bfc062723c751e8b465ee728b)
Start importing Assets/Materials/Font Material_d4.mat using Guid(a395830125ea4f4a9e86586f795d5f46) Importer(815301076,1909f56bfc062723c751e8b465ee728b)  -> (artifact id: '48fe10a17312f06106dfb016af531606') in 0.021362 seconds 
  Import took 0.025071 seconds .

========================================================================
Received Import Request.
  Time since last request: 0.000211 seconds.
  path: Assets/LowPolyWaterv2/Materials/LPWaterPerformance.mat
  artifactKey: Guid(813e29eefe994bd42bf26e15abbdb15e) Importer(815301076,1909f56bfc062723c751e8b465ee728b)
Start importing Assets/LowPolyWaterv2/Materials/LPWaterPerformance.mat using Guid(813e29eefe994bd42bf26e15abbdb15e) Importer(815301076,1909f56bfc062723c751e8b465ee728b)  -> (artifact id: '06bc76c2340777b4416de90eff5e4525') in 0.154650 seconds 
  Import took 0.158856 seconds .

========================================================================
Received Import Request.
  Time since last request: 0.000265 seconds.
  path: Assets/Materials/Sand_5_Reversed.mat
  artifactKey: Guid(0c89d6f612b3456aad434bf5f9e0a774) Importer(815301076,1909f56bfc062723c751e8b465ee728b)
Start importing Assets/Materials/Sand_5_Reversed.mat using Guid(0c89d6f612b3456aad434bf5f9e0a774) Importer(815301076,1909f56bfc062723c751e8b465ee728b)  -> (artifact id: '4c9a4febae84f60780a07ecd56f6f09d') in 0.032079 seconds 
  Import took 0.037040 seconds .

========================================================================
Received Import Request.
  Time since last request: 0.000243 seconds.
  path: Assets/Materials/Gun_Material.mat
  artifactKey: Guid(857d74fd90424c949637ad7ba26619df) Importer(815301076,1909f56bfc062723c751e8b465ee728b)
Start importing Assets/Materials/Gun_Material.mat using Guid(857d74fd90424c949637ad7ba26619df) Importer(815301076,1909f56bfc062723c751e8b465ee728b)  -> (artifact id: '4cfd027f3efbebad6c760a28d1c756ff') in 0.022285 seconds 
  Import took 0.026482 seconds .

========================================================================
Received Import Request.
  Time since last request: 0.000227 seconds.
  path: Assets/LowPolyWaterv2/Materials/LPWaterFoam.mat
  artifactKey: Guid(90e6c09fb9fc9b545ab81d6949e49e4f) Importer(815301076,1909f56bfc062723c751e8b465ee728b)
Start importing Assets/LowPolyWaterv2/Materials/LPWaterFoam.mat using Guid(90e6c09fb9fc9b545ab81d6949e49e4f) Importer(815301076,1909f56bfc062723c751e8b465ee728b)  -> (artifact id: '4f8387c8e904432f02f7bb82e7df9508') in 0.132461 seconds 
  Import took 0.136622 seconds .

========================================================================
Received Import Request.
  Time since last request: 0.000346 seconds.
  path: Assets/Materials/flag.mat
  artifactKey: Guid(a6b5532447e74a1cb9f58c782c11d56c) Importer(815301076,1909f56bfc062723c751e8b465ee728b)
Start importing Assets/Materials/flag.mat using Guid(a6b5532447e74a1cb9f58c782c11d56c) Importer(815301076,1909f56bfc062723c751e8b465ee728b)  -> (artifact id: '7868d866801e8429cb66343718e616de') in 0.025995 seconds 
  Import took 0.030385 seconds .

========================================================================
Received Import Request.
  Time since last request: 0.000211 seconds.
  path: Assets/Materials/FrameDebuggerRenderTargetDisplay.mat
  artifactKey: Guid(8708adcbceab4961a0cde8fe1c6a323d) Importer(815301076,1909f56bfc062723c751e8b465ee728b)
Start importing Assets/Materials/FrameDebuggerRenderTargetDisplay.mat using Guid(8708adcbceab4961a0cde8fe1c6a323d) Importer(815301076,1909f56bfc062723c751e8b465ee728b)  -> (artifact id: '094c8e104133cc144f6001a5aef37d86') in 0.025369 seconds 
  Import took 0.029118 seconds .

========================================================================
Received Import Request.
  Time since last request: 0.000213 seconds.
  path: Assets/Materials/WhiteTowel.mat
  artifactKey: Guid(cb0a02b1febd4d0aa287603601877a34) Importer(815301076,1909f56bfc062723c751e8b465ee728b)
Start importing Assets/Materials/WhiteTowel.mat using Guid(cb0a02b1febd4d0aa287603601877a34) Importer(815301076,1909f56bfc062723c751e8b465ee728b)  -> (artifact id: '71b1e8fb6b727eda30e477d753c14a4a') in 0.020305 seconds 
  Import took 0.026007 seconds .

========================================================================
Received Import Request.
  Time since last request: 0.000214 seconds.
  path: Assets/LowPolyWaterv2/Materials/LPWaterShadows.mat
  artifactKey: Guid(4caa8009b4c149c46b40dd38e2e617c5) Importer(815301076,1909f56bfc062723c751e8b465ee728b)
Start importing Assets/LowPolyWaterv2/Materials/LPWaterShadows.mat using Guid(4caa8009b4c149c46b40dd38e2e617c5) Importer(815301076,1909f56bfc062723c751e8b465ee728b)  -> (artifact id: '78555775b36c49c9135c95f4ad5d12b2') in 0.110583 seconds 
  Import took 0.115142 seconds .

========================================================================
Received Import Request.
  Time since last request: 0.000226 seconds.
  path: Assets/Materials/RedTowel.mat
  artifactKey: Guid(c1b26e39479446a7be0f1319d98eeb5d) Importer(815301076,1909f56bfc062723c751e8b465ee728b)
Start importing Assets/Materials/RedTowel.mat using Guid(c1b26e39479446a7be0f1319d98eeb5d) Importer(815301076,1909f56bfc062723c751e8b465ee728b)  -> (artifact id: 'fcad0153bfe92eb230ba7dd9a91b77d2') in 0.018300 seconds 
  Import took 0.025027 seconds .

========================================================================
Received Import Request.
  Time since last request: 0.000237 seconds.
  path: Assets/Materials/BeachBat1.mat
  artifactKey: Guid(ffbc17f27aac41fba00161144e4b0c71) Importer(815301076,1909f56bfc062723c751e8b465ee728b)
Start importing Assets/Materials/BeachBat1.mat using Guid(ffbc17f27aac41fba00161144e4b0c71) Importer(815301076,1909f56bfc062723c751e8b465ee728b)  -> (artifact id: 'd31d1264833c44787c13aa41eec0cef1') in 0.037715 seconds 
  Import took 0.041589 seconds .

========================================================================
Received Import Request.
  Time since last request: 0.000237 seconds.
  path: Assets/Materials/free_male_1_head_low.mat
  artifactKey: Guid(364ce9019e70429597e27fd282d2e1a6) Importer(815301076,1909f56bfc062723c751e8b465ee728b)
Start importing Assets/Materials/free_male_1_head_low.mat using Guid(364ce9019e70429597e27fd282d2e1a6) Importer(815301076,1909f56bfc062723c751e8b465ee728b)  -> (artifact id: 'eb685efc562d69dd2752281825999879') in 0.029468 seconds 
  Import took 0.033598 seconds .

========================================================================
Received Import Request.
  Time since last request: 0.000224 seconds.
  path: Assets/Materials/CFXM3_RayStraight ADD.mat
  artifactKey: Guid(32cd09d801c24ec6b0fea4a8e938605a) Importer(815301076,1909f56bfc062723c751e8b465ee728b)
Start importing Assets/Materials/CFXM3_RayStraight ADD.mat using Guid(32cd09d801c24ec6b0fea4a8e938605a) Importer(815301076,1909f56bfc062723c751e8b465ee728b)  -> (artifact id: '46add5a06a2d98642440d574202b1c04') in 0.018287 seconds 
  Import took 0.022490 seconds .

========================================================================
Received Import Request.
  Time since last request: 0.000253 seconds.
  path: Assets/Materials/Sand_1.mat
  artifactKey: Guid(c615bb7718d948e7b19d9746b0043ef4) Importer(815301076,1909f56bfc062723c751e8b465ee728b)
Start importing Assets/Materials/Sand_1.mat using Guid(c615bb7718d948e7b19d9746b0043ef4) Importer(815301076,1909f56bfc062723c751e8b465ee728b)  -> (artifact id: 'c983250a713188d473742423c9499931') in 0.025615 seconds 
  Import took 0.029912 seconds .

========================================================================
Received Import Request.
  Time since last request: 0.000196 seconds.
  path: Assets/Materials/glow.mat
  artifactKey: Guid(cca61525c3174bc385aa07a7c355ea1a) Importer(815301076,1909f56bfc062723c751e8b465ee728b)
Start importing Assets/Materials/glow.mat using Guid(cca61525c3174bc385aa07a7c355ea1a) Importer(815301076,1909f56bfc062723c751e8b465ee728b)  -> (artifact id: '3de7e1fb1e3ce2bafc9c8c529bf66e43') in 0.024199 seconds 
  Import took 0.028387 seconds .

========================================================================
Received Import Request.
  Time since last request: 0.000206 seconds.
  path: Assets/LowPolyWaterv2/Demos/Materials/LPWaterPerformanceDemo.mat
  artifactKey: Guid(eefc42519cee5d64d8c944049a161126) Importer(815301076,1909f56bfc062723c751e8b465ee728b)
Start importing Assets/LowPolyWaterv2/Demos/Materials/LPWaterPerformanceDemo.mat using Guid(eefc42519cee5d64d8c944049a161126) Importer(815301076,1909f56bfc062723c751e8b465ee728b)  -> (artifact id: '9000707beba865e8b7b0276a131d881d') in 0.019227 seconds 
  Import took 0.023807 seconds .

========================================================================
Received Import Request.
  Time since last request: 0.000197 seconds.
  path: Assets/Materials/BlueTowel.mat
  artifactKey: Guid(8ba88635821c434ba90e8db99944f71a) Importer(815301076,1909f56bfc062723c751e8b465ee728b)
Start importing Assets/Materials/BlueTowel.mat using Guid(8ba88635821c434ba90e8db99944f71a) Importer(815301076,1909f56bfc062723c751e8b465ee728b)  -> (artifact id: 'ac3b31f2b570750333e942c38c55f4ab') in 0.019272 seconds 
  Import took 0.023451 seconds .

========================================================================
Received Import Request.
  Time since last request: 0.000222 seconds.
  path: Assets/Materials/Bodyboard_05.mat
  artifactKey: Guid(2a18a6362d3f4629a19971df61ff29d3) Importer(815301076,1909f56bfc062723c751e8b465ee728b)
Start importing Assets/Materials/Bodyboard_05.mat using Guid(2a18a6362d3f4629a19971df61ff29d3) Importer(815301076,1909f56bfc062723c751e8b465ee728b)  -> (artifact id: '4779275477d2f9ac39cb81b2488b8bcd') in 0.021645 seconds 
  Import took 0.027376 seconds .

========================================================================
Received Import Request.
  Time since last request: 0.000214 seconds.
  path: Assets/Materials/CFXM_Ripple_AddSoft.mat
  artifactKey: Guid(18f5a110ec9e448a9de57ac5584195e1) Importer(815301076,1909f56bfc062723c751e8b465ee728b)
Start importing Assets/Materials/CFXM_Ripple_AddSoft.mat using Guid(18f5a110ec9e448a9de57ac5584195e1) Importer(815301076,1909f56bfc062723c751e8b465ee728b)  -> (artifact id: '7875db5a4656d78a3793dcf660bcdba2') in 0.018611 seconds 
  Import took 0.022193 seconds .

========================================================================
Received Import Request.
  Time since last request: 0.000214 seconds.
  path: Assets/squid-game-sipahi/materials/Mat 1.mat
  artifactKey: Guid(91edf6a8aac29484ab93af850817bf95) Importer(815301076,1909f56bfc062723c751e8b465ee728b)
Start importing Assets/squid-game-sipahi/materials/Mat 1.mat using Guid(91edf6a8aac29484ab93af850817bf95) Importer(815301076,1909f56bfc062723c751e8b465ee728b)  -> (artifact id: '7ba6843860d6f9f1b034f8d48864354c') in 0.033387 seconds 
  Import took 0.036850 seconds .

========================================================================
Received Import Request.
  Time since last request: 0.000204 seconds.
  path: Assets/AlmostEngine/Shared/Materials/Red.mat
  artifactKey: Guid(5ccf380ff77e9ee48b3100864c727164) Importer(815301076,1909f56bfc062723c751e8b465ee728b)
Start importing Assets/AlmostEngine/Shared/Materials/Red.mat using Guid(5ccf380ff77e9ee48b3100864c727164) Importer(815301076,1909f56bfc062723c751e8b465ee728b)  -> (artifact id: '9cc8a26d40098611d9d9bb93bdf74a32') in 0.035383 seconds 
  Import took 0.039309 seconds .

========================================================================
Received Import Request.
  Time since last request: 0.000195 seconds.
  path: Assets/Materials/CFX2_ShatteredGround1.mat
  artifactKey: Guid(f733127bf70440b7b429b435176f051c) Importer(815301076,1909f56bfc062723c751e8b465ee728b)
Start importing Assets/Materials/CFX2_ShatteredGround1.mat using Guid(f733127bf70440b7b429b435176f051c) Importer(815301076,1909f56bfc062723c751e8b465ee728b)  -> (artifact id: 'ef1aa1cae479d87dda4ecda2c11bc35b') in 0.018648 seconds 
  Import took 0.022683 seconds .

========================================================================
Received Import Request.
  Time since last request: 0.000232 seconds.
  path: Assets/Materials/CFXM_Foam_AddSoft.mat
  artifactKey: Guid(2913da28e8264a38a8f2acb6200bf313) Importer(815301076,1909f56bfc062723c751e8b465ee728b)
Start importing Assets/Materials/CFXM_Foam_AddSoft.mat using Guid(2913da28e8264a38a8f2acb6200bf313) Importer(815301076,1909f56bfc062723c751e8b465ee728b)  -> (artifact id: '354d7a3714ac0fc766e5e2fd656302f4') in 0.018474 seconds 
  Import took 0.023166 seconds .

========================================================================
Received Import Request.
  Time since last request: 0.000232 seconds.
  path: Assets/AlmostEngine/Shared/Materials/Green.mat
  artifactKey: Guid(0df393337791bae4b9842738c7e173a3) Importer(815301076,1909f56bfc062723c751e8b465ee728b)
Start importing Assets/AlmostEngine/Shared/Materials/Green.mat using Guid(0df393337791bae4b9842738c7e173a3) Importer(815301076,1909f56bfc062723c751e8b465ee728b)  -> (artifact id: '878ef7cb44779d34c1803ec72b273ea9') in 0.026915 seconds 
  Import took 0.030962 seconds .

========================================================================
Received Import Request.
  Time since last request: 0.000197 seconds.
  path: Assets/AlmostEngine/Shared/Materials/Blue.mat
  artifactKey: Guid(58afd28cc7c3ecc489be21d9ed199676) Importer(815301076,1909f56bfc062723c751e8b465ee728b)
Start importing Assets/AlmostEngine/Shared/Materials/Blue.mat using Guid(58afd28cc7c3ecc489be21d9ed199676) Importer(815301076,1909f56bfc062723c751e8b465ee728b)  -> (artifact id: 'f2780eb212896322e91adaa18e20bf94') in 0.024978 seconds 
  Import took 0.029481 seconds .

========================================================================
Received Import Request.
  Time since last request: 0.000286 seconds.
  path: Assets/Materials/Sand_10.mat
  artifactKey: Guid(73d68b656f5b435fbe7ccacb3a6086e5) Importer(815301076,1909f56bfc062723c751e8b465ee728b)
Start importing Assets/Materials/Sand_10.mat using Guid(73d68b656f5b435fbe7ccacb3a6086e5) Importer(815301076,1909f56bfc062723c751e8b465ee728b)  -> (artifact id: 'f5178f852ccaf10faa6edd839d85856f') in 0.019114 seconds 
  Import took 0.022851 seconds .

========================================================================
Received Import Request.
  Time since last request: 0.000198 seconds.
  path: Assets/Materials/Font Material_d2.mat
  artifactKey: Guid(3f54401c59ad40799c24618b395695a9) Importer(815301076,1909f56bfc062723c751e8b465ee728b)
Start importing Assets/Materials/Font Material_d2.mat using Guid(3f54401c59ad40799c24618b395695a9) Importer(815301076,1909f56bfc062723c751e8b465ee728b)  -> (artifact id: '088ecc622b86f9a571303b361c6939f3') in 0.025806 seconds 
  Import took 0.029386 seconds .

========================================================================
Received Import Request.
  Time since last request: 0.000228 seconds.
  path: Assets/squid-game-sipahi/Gun/Agram 2000.fbx
  artifactKey: Guid(9d844979aba3a2e459d1a5d18ff06f4a) Importer(815301076,1909f56bfc062723c751e8b465ee728b)
Start importing Assets/squid-game-sipahi/Gun/Agram 2000.fbx using Guid(9d844979aba3a2e459d1a5d18ff06f4a) Importer(815301076,1909f56bfc062723c751e8b465ee728b)  -> (artifact id: '2dcd835d518e708a7fa5e2034d1371ec') in 0.188986 seconds 
  Import took 0.193771 seconds .

========================================================================
Received Import Request.
  Time since last request: 0.000257 seconds.
  path: Assets/Materials/BeachBat3.mat
  artifactKey: Guid(58e14c4685b6413487f1a04d9bb57a89) Importer(815301076,1909f56bfc062723c751e8b465ee728b)
Start importing Assets/Materials/BeachBat3.mat using Guid(58e14c4685b6413487f1a04d9bb57a89) Importer(815301076,1909f56bfc062723c751e8b465ee728b)  -> (artifact id: '0d1b4d4f1f543bd42000b704e1c091ee') in 0.020264 seconds 
  Import took 0.024845 seconds .

========================================================================
Received Import Request.
  Time since last request: 0.000285 seconds.
  path: Assets/Materials/free_male_1_body_low.mat
  artifactKey: Guid(4a73e825d8524d81b3582aaef88b7700) Importer(815301076,1909f56bfc062723c751e8b465ee728b)
Start importing Assets/Materials/free_male_1_body_low.mat using Guid(4a73e825d8524d81b3582aaef88b7700) Importer(815301076,1909f56bfc062723c751e8b465ee728b)  -> (artifact id: 'dd657fec0509c4384ea7804f5b9aaccd') in 0.025143 seconds 
  Import took 0.029538 seconds .

========================================================================
Received Import Request.
  Time since last request: 0.000270 seconds.
  path: Assets/Materials/HazardMaterial.mat
  artifactKey: Guid(91bb697601834233a4ec0e312c4f71fc) Importer(815301076,1909f56bfc062723c751e8b465ee728b)
Start importing Assets/Materials/HazardMaterial.mat using Guid(91bb697601834233a4ec0e312c4f71fc) Importer(815301076,1909f56bfc062723c751e8b465ee728b)  -> (artifact id: '772b3da5268cbececfd50a5147bb0176') in 0.020884 seconds 
  Import took 0.024478 seconds .

========================================================================
Received Import Request.
  Time since last request: 0.000193 seconds.
  path: Assets/Materials/common_male_3_head_low.mat
  artifactKey: Guid(da96e6147427411d80051c8ba5cd71fb) Importer(815301076,1909f56bfc062723c751e8b465ee728b)
Start importing Assets/Materials/common_male_3_head_low.mat using Guid(da96e6147427411d80051c8ba5cd71fb) Importer(815301076,1909f56bfc062723c751e8b465ee728b)  -> (artifact id: 'def43273c5f566cc83173c9fb3de9c16') in 0.024738 seconds 
  Import took 0.028500 seconds .

========================================================================
Received Import Request.
  Time since last request: 0.000214 seconds.
  path: Assets/Materials/Palmtree.mat
  artifactKey: Guid(de398b1ca7fc4d718e0da215f5f9d8cd) Importer(815301076,1909f56bfc062723c751e8b465ee728b)
Start importing Assets/Materials/Palmtree.mat using Guid(de398b1ca7fc4d718e0da215f5f9d8cd) Importer(815301076,1909f56bfc062723c751e8b465ee728b)  -> (artifact id: '492618ea952c36223f1093f63991ea8a') in 0.020140 seconds 
  Import took 0.023833 seconds .

========================================================================
Received Import Request.
  Time since last request: 0.000208 seconds.
  path: Assets/squid-game-sipahi/materials/Mat.mat
  artifactKey: Guid(f002ea676cecc734da41292899d1be8d) Importer(815301076,1909f56bfc062723c751e8b465ee728b)
Start importing Assets/squid-game-sipahi/materials/Mat.mat using Guid(f002ea676cecc734da41292899d1be8d) Importer(815301076,1909f56bfc062723c751e8b465ee728b)  -> (artifact id: 'e966f343dba3638aecf3b0f342dfb1c1') in 0.033182 seconds 
  Import took 0.037246 seconds .

========================================================================
Received Import Request.
  Time since last request: 0.000231 seconds.
  path: Assets/LowPolyWaterv2/Demos/Materials/Orange.mat
  artifactKey: Guid(a277173e6d855da4d9ab3fd0e283ecab) Importer(815301076,1909f56bfc062723c751e8b465ee728b)
Start importing Assets/LowPolyWaterv2/Demos/Materials/Orange.mat using Guid(a277173e6d855da4d9ab3fd0e283ecab) Importer(815301076,1909f56bfc062723c751e8b465ee728b)  -> (artifact id: 'f2f26d63ac2d78b1f9c194729c0e7840') in 0.029337 seconds 
  Import took 0.033180 seconds .

========================================================================
Received Import Request.
  Time since last request: 0.000217 seconds.
  path: Assets/Materials/common_female_4_body_low.mat
  artifactKey: Guid(d2867c01265345edb9fd8e034ee93f6a) Importer(815301076,1909f56bfc062723c751e8b465ee728b)
Start importing Assets/Materials/common_female_4_body_low.mat using Guid(d2867c01265345edb9fd8e034ee93f6a) Importer(815301076,1909f56bfc062723c751e8b465ee728b)  -> (artifact id: 'f16104ceea344d75050f64e24e692001') in 0.021129 seconds 
  Import took 0.025295 seconds .

========================================================================
Received Import Request.
  Time since last request: 0.000236 seconds.
  path: Assets/Materials/Font Material_d1.mat
  artifactKey: Guid(c4ee62c19f934e46bc3343b7e415cb24) Importer(815301076,1909f56bfc062723c751e8b465ee728b)
Start importing Assets/Materials/Font Material_d1.mat using Guid(c4ee62c19f934e46bc3343b7e415cb24) Importer(815301076,1909f56bfc062723c751e8b465ee728b)  -> (artifact id: '1ea927dcdc05fd59a24d89df521d796d') in 0.024095 seconds 
  Import took 0.028062 seconds .

========================================================================
Received Import Request.
  Time since last request: 0.000205 seconds.
  path: Assets/Materials/UpArrowMaterial.mat
  artifactKey: Guid(432e58ce67f34c49a021a3ae7cf0be94) Importer(815301076,1909f56bfc062723c751e8b465ee728b)
Start importing Assets/Materials/UpArrowMaterial.mat using Guid(432e58ce67f34c49a021a3ae7cf0be94) Importer(815301076,1909f56bfc062723c751e8b465ee728b)  -> (artifact id: '5f8e6fd1c7eb29d3a15c834ad7af493b') in 0.018422 seconds 
  Import took 0.021902 seconds .

========================================================================
Received Import Request.
  Time since last request: 0.000184 seconds.
  path: Assets/Materials/SubHazardMaterial.mat
  artifactKey: Guid(0dc7810c715d4503bb4ac3d3f4b9763a) Importer(815301076,1909f56bfc062723c751e8b465ee728b)
Start importing Assets/Materials/SubHazardMaterial.mat using Guid(0dc7810c715d4503bb4ac3d3f4b9763a) Importer(815301076,1909f56bfc062723c751e8b465ee728b)  -> (artifact id: '506a0b87150bfa9f807437b72a88d10f') in 0.020927 seconds 
  Import took 0.024856 seconds .

========================================================================
Received Import Request.
  Time since last request: 0.000278 seconds.
  path: Assets/Materials/CFXM_Anim_Triangle3_Mult.mat
  artifactKey: Guid(f15d35a61d73457dbfef4ab9221f9a84) Importer(815301076,1909f56bfc062723c751e8b465ee728b)
Start importing Assets/Materials/CFXM_Anim_Triangle3_Mult.mat using Guid(f15d35a61d73457dbfef4ab9221f9a84) Importer(815301076,1909f56bfc062723c751e8b465ee728b)  -> (artifact id: 'b054c20b0e45768a005f4e81f2d3a885') in 0.019233 seconds 
  Import took 0.022698 seconds .

========================================================================
Received Import Request.
  Time since last request: 0.000197 seconds.
  path: Assets/Materials/cloud_2x2_hard.mat
  artifactKey: Guid(0080a2bd769f44e6ab4735efa734299a) Importer(815301076,1909f56bfc062723c751e8b465ee728b)
Start importing Assets/Materials/cloud_2x2_hard.mat using Guid(0080a2bd769f44e6ab4735efa734299a) Importer(815301076,1909f56bfc062723c751e8b465ee728b)  -> (artifact id: '78b5fd680ba178c8117d460162cec562') in 0.023576 seconds 
  Import took 0.027813 seconds .

========================================================================
Received Import Request.
  Time since last request: 0.000187 seconds.
  path: Assets/AlmostEngine/Shared/Materials/Wood.mat
  artifactKey: Guid(77ea6a1c408be424e814598772563d9c) Importer(815301076,1909f56bfc062723c751e8b465ee728b)
Start importing Assets/AlmostEngine/Shared/Materials/Wood.mat using Guid(77ea6a1c408be424e814598772563d9c) Importer(815301076,1909f56bfc062723c751e8b465ee728b)  -> (artifact id: '1ebc1cb74e68a59b417ae69aaf7ed8e3') in 0.052023 seconds 
  Import took 0.055449 seconds .

========================================================================
Received Import Request.
  Time since last request: 0.000200 seconds.
  path: Assets/Materials/Sprites-Default.mat
  artifactKey: Guid(9658c59b5054417eb901ffb5fedfd9e7) Importer(815301076,1909f56bfc062723c751e8b465ee728b)
Start importing Assets/Materials/Sprites-Default.mat using Guid(9658c59b5054417eb901ffb5fedfd9e7) Importer(815301076,1909f56bfc062723c751e8b465ee728b)  -> (artifact id: '84ceae2c3efc86e81fe9317f0d1df97b') in 0.018115 seconds 
  Import took 0.022349 seconds .

========================================================================
Received Import Request.
  Time since last request: 0.000233 seconds.
  path: Assets/Materials/gold_material.mat
  artifactKey: Guid(1a2c07c94f864223b7b50dcb890a1594) Importer(815301076,1909f56bfc062723c751e8b465ee728b)
Start importing Assets/Materials/gold_material.mat using Guid(1a2c07c94f864223b7b50dcb890a1594) Importer(815301076,1909f56bfc062723c751e8b465ee728b)  -> (artifact id: 'a9eb7fd3219198275fab488293d1c0ad') in 0.017954 seconds 
  Import took 0.021377 seconds .

========================================================================
Received Import Request.
  Time since last request: 0.000183 seconds.
  path: Assets/Materials/Default-Line.mat
  artifactKey: Guid(095d84ccd29443098875eed776a0c911) Importer(815301076,1909f56bfc062723c751e8b465ee728b)
Start importing Assets/Materials/Default-Line.mat using Guid(095d84ccd29443098875eed776a0c911) Importer(815301076,1909f56bfc062723c751e8b465ee728b)  -> (artifact id: '10174eb3810d30146529abd7472ff242') in 0.017548 seconds 
  Import took 0.021849 seconds .

========================================================================
Received Import Request.
  Time since last request: 0.000411 seconds.
  path: Assets/Materials/StartingLine.mat
  artifactKey: Guid(3137899f216c415682d8e257f37787bf) Importer(815301076,1909f56bfc062723c751e8b465ee728b)
Start importing Assets/Materials/StartingLine.mat using Guid(3137899f216c415682d8e257f37787bf) Importer(815301076,1909f56bfc062723c751e8b465ee728b)  -> (artifact id: '787a74c8835eff443c342d9e8a2be1a5') in 0.019269 seconds 
  Import took 0.022832 seconds .

========================================================================
Received Import Request.
  Time since last request: 0.000191 seconds.
  path: Assets/Materials/Font Material.mat
  artifactKey: Guid(56adf36de110463a8c971549780c8ff4) Importer(815301076,1909f56bfc062723c751e8b465ee728b)
Start importing Assets/Materials/Font Material.mat using Guid(56adf36de110463a8c971549780c8ff4) Importer(815301076,1909f56bfc062723c751e8b465ee728b)  -> (artifact id: '992523cea8b23fc2012ab305d7d6db79') in 0.021398 seconds 
  Import took 0.025484 seconds .

========================================================================
Received Import Request.
  Time since last request: 0.000196 seconds.
  path: Assets/Materials/Sand_2.mat
  artifactKey: Guid(2dcb363352f348198ed49ad45a0a41e3) Importer(815301076,1909f56bfc062723c751e8b465ee728b)
Start importing Assets/Materials/Sand_2.mat using Guid(2dcb363352f348198ed49ad45a0a41e3) Importer(815301076,1909f56bfc062723c751e8b465ee728b)  -> (artifact id: 'b297f55b8ed09a69f40afbe11f526f69') in 0.014749 seconds 
  Import took 0.018055 seconds .

========================================================================
Received Import Request.
  Time since last request: 0.000193 seconds.
  path: Assets/Materials/pole.mat
  artifactKey: Guid(f9761601b1db4634a3d7ca6485ad7cc3) Importer(815301076,1909f56bfc062723c751e8b465ee728b)
Start importing Assets/Materials/pole.mat using Guid(f9761601b1db4634a3d7ca6485ad7cc3) Importer(815301076,1909f56bfc062723c751e8b465ee728b)  -> (artifact id: '0549bb3ce8ce35c21a133fb59474aa8d') in 0.014148 seconds 
  Import took 0.017307 seconds .

========================================================================
Received Import Request.
  Time since last request: 0.000204 seconds.
  path: Assets/Materials/CFXM3_AuraRays ADD.mat
  artifactKey: Guid(5bba11d724b242d382e65162ebafd986) Importer(815301076,1909f56bfc062723c751e8b465ee728b)
Start importing Assets/Materials/CFXM3_AuraRays ADD.mat using Guid(5bba11d724b242d382e65162ebafd986) Importer(815301076,1909f56bfc062723c751e8b465ee728b)  -> (artifact id: 'c39b383d81277ce1fb96d12d55817421') in 0.014469 seconds 
  Import took 0.017787 seconds .

========================================================================
Received Import Request.
  Time since last request: 0.000205 seconds.
  path: Assets/AlmostEngine/Shared/Materials/White.mat
  artifactKey: Guid(12bbf4686c52a1c458ad4faeeb8c41b7) Importer(815301076,1909f56bfc062723c751e8b465ee728b)
Start importing Assets/AlmostEngine/Shared/Materials/White.mat using Guid(12bbf4686c52a1c458ad4faeeb8c41b7) Importer(815301076,1909f56bfc062723c751e8b465ee728b)  -> (artifact id: '10ce646ea53786d682727bf9944cc989') in 0.021129 seconds 
  Import took 0.024391 seconds .

========================================================================
Received Import Request.
  Time since last request: 0.000240 seconds.
  path: Assets/Materials/FinishLine.mat
  artifactKey: Guid(5916d4280a6345d5b6d11af22088dc17) Importer(815301076,1909f56bfc062723c751e8b465ee728b)
Start importing Assets/Materials/FinishLine.mat using Guid(5916d4280a6345d5b6d11af22088dc17) Importer(815301076,1909f56bfc062723c751e8b465ee728b)  -> (artifact id: 'f2e26201595bd8b3d52929e91358894a') in 0.015019 seconds 
  Import took 0.018375 seconds .

========================================================================
Received Import Request.
  Time since last request: 0.000244 seconds.
  path: Assets/Materials/common_male_4_body_low.mat
  artifactKey: Guid(a03a43b35cc446cbb9dfe7dfa1a9957d) Importer(815301076,1909f56bfc062723c751e8b465ee728b)
Start importing Assets/Materials/common_male_4_body_low.mat using Guid(a03a43b35cc446cbb9dfe7dfa1a9957d) Importer(815301076,1909f56bfc062723c751e8b465ee728b)  -> (artifact id: '1de5921a17f68f1289e2468ff8f973c4') in 0.017973 seconds 
  Import took 0.021736 seconds .

========================================================================
Received Import Request.
  Time since last request: 0.000257 seconds.
  path: Assets/Materials/CFXM2_ShatteredGround2.mat
  artifactKey: Guid(f6b2285c6bf74d99bea2c409e101048a) Importer(815301076,1909f56bfc062723c751e8b465ee728b)
Start importing Assets/Materials/CFXM2_ShatteredGround2.mat using Guid(f6b2285c6bf74d99bea2c409e101048a) Importer(815301076,1909f56bfc062723c751e8b465ee728b)  -> (artifact id: '8e34378b182fbbd28279e2b17e9eaf62') in 0.021140 seconds 
  Import took 0.025270 seconds .

========================================================================
Received Import Request.
  Time since last request: 0.000262 seconds.
  path: Assets/Materials/common_male_3_body_low.mat
  artifactKey: Guid(48ff3bfcc3524602b6ef4df698e58fcc) Importer(815301076,1909f56bfc062723c751e8b465ee728b)
Start importing Assets/Materials/common_male_3_body_low.mat using Guid(48ff3bfcc3524602b6ef4df698e58fcc) Importer(815301076,1909f56bfc062723c751e8b465ee728b)  -> (artifact id: '642992cd74579f997ef24f4b29ad5caf') in 0.021244 seconds 
  Import took 0.026788 seconds .

========================================================================
Received Import Request.
  Time since last request: 0.000209 seconds.
  path: Assets/Materials/CFXM_WhiteCircle.mat
  artifactKey: Guid(e37c4cb3910542c496336ec722113fb0) Importer(815301076,1909f56bfc062723c751e8b465ee728b)
Start importing Assets/Materials/CFXM_WhiteCircle.mat using Guid(e37c4cb3910542c496336ec722113fb0) Importer(815301076,1909f56bfc062723c751e8b465ee728b)  -> (artifact id: '6f5012de27f3725f6a51fe8877b6faac') in 0.018748 seconds 
  Import took 0.022367 seconds .

========================================================================
Received Import Request.
  Time since last request: 0.000194 seconds.
  path: Assets/AlmostEngine/Shared/Materials/Grass.mat
  artifactKey: Guid(da149e0388ea0e441a561816ab695868) Importer(815301076,1909f56bfc062723c751e8b465ee728b)
Start importing Assets/AlmostEngine/Shared/Materials/Grass.mat using Guid(da149e0388ea0e441a561816ab695868) Importer(815301076,1909f56bfc062723c751e8b465ee728b)  -> (artifact id: '22c6444a3d4d4e3da0abcc2ecadf311f') in 0.032148 seconds 
  Import took 0.036218 seconds .

========================================================================
Received Import Request.
  Time since last request: 0.000201 seconds.
  path: Assets/Materials/CFXM3_GlowStar ADD.mat
  artifactKey: Guid(01001fb49a964194a747134f94f98c71) Importer(815301076,1909f56bfc062723c751e8b465ee728b)
Start importing Assets/Materials/CFXM3_GlowStar ADD.mat using Guid(01001fb49a964194a747134f94f98c71) Importer(815301076,1909f56bfc062723c751e8b465ee728b)  -> (artifact id: '7aaa52f83f1acb1b71537888036785ce') in 0.017175 seconds 
  Import took 0.020489 seconds .

========================================================================
Received Import Request.
  Time since last request: 0.000185 seconds.
  path: Assets/Materials/Sand_5.mat
  artifactKey: Guid(dce045e031ef4160aa3ad4c8a4846f82) Importer(815301076,1909f56bfc062723c751e8b465ee728b)
Start importing Assets/Materials/Sand_5.mat using Guid(dce045e031ef4160aa3ad4c8a4846f82) Importer(815301076,1909f56bfc062723c751e8b465ee728b)  -> (artifact id: '423bcc98953c275d0a97cb0eba4214bf') in 0.019295 seconds 
  Import took 0.022708 seconds .

========================================================================
Received Prepare
Refreshing native plugins compatible for Editor in 3.97 ms, found 2 plugins.
Preloading 0 native plugins for Editor in 0.00 ms.
Unloading 17 Unused Serialized files (Serialized files now loaded: 0)
System memory in use before: 48.5 MB.
System memory in use after: 48.6 MB.

Unloading 17 unused Assets to reduce memory usage. Loaded Objects now: 2277.
Total: 4.861200 ms (FindLiveObjects: 0.346000 ms CreateObjectMapping: 0.206300 ms MarkObjects: 4.284900 ms  DeleteObjects: 0.022800 ms)

AssetImportParameters requested are different than current active one (requested -> active):
  custom:framework-win-MediaFoundation: 216162199b28c13a410421893ffa2e32 -> 
  custom:video-decoder-ogg-theora: a1e56fd34408186e4bbccfd4996cb3dc -> 
  custom:container-muxer-webm: aa71ff27fc2769a1b78a27578f13a17b -> 
  custom:container-demuxer-webm: 4f35f7cbe854078d1ac9338744f61a02 -> 
  custom:container-demuxer-ogg: 62fdf1f143b41e24485cea50d1cbac27 -> 
  custom:video-encoder-webm-vp8: eb34c28f22e8b96e1ab97ce403110664 -> 
  custom:video-decoder-webm-vp8: 9c59270c3fd7afecdb556c50c9e8de78 -> 
  custom:audio-decoder-ogg-vorbis: bf7c407c2cedff20999df2af8eb42d56 -> 
  custom:audio-encoder-webm-vorbis: bf7c407c2cedff20999df2af8eb42d56 -> 
========================================================================
Received Import Request.
  Time since last request: 19.456543 seconds.
  path: Assets/Fantasy Skybox
  artifactKey: Guid(d8cd256262e624b4292cf8800ffe4714) Importer(815301076,1909f56bfc062723c751e8b465ee728b)
Start importing Assets/Fantasy Skybox using Guid(d8cd256262e624b4292cf8800ffe4714) Importer(815301076,1909f56bfc062723c751e8b465ee728b)  -> (artifact id: '6cd29d701bb36c4544f4c71eec5e3a2f') in 0.009731 seconds 
  Import took 0.013167 seconds .

========================================================================
Received Import Request.
  Time since last request: 1.472276 seconds.
  path: Assets/Fantasy Skybox/Materials
  artifactKey: Guid(f1d4fd164c69c214e981addd90f782e7) Importer(815301076,1909f56bfc062723c751e8b465ee728b)
Start importing Assets/Fantasy Skybox/Materials using Guid(f1d4fd164c69c214e981addd90f782e7) Importer(815301076,1909f56bfc062723c751e8b465ee728b)  -> (artifact id: 'b4cb2376f65f78108b808b34139570d8') in 0.010737 seconds 
  Import took 0.014589 seconds .

========================================================================
Received Import Request.
  Time since last request: 0.005902 seconds.
  path: Assets/Fantasy Skybox/Materials
  artifactKey: Guid(f1d4fd164c69c214e981addd90f782e7) Importer(815301076,1909f56bfc062723c751e8b465ee728b)
Start importing Assets/Fantasy Skybox/Materials using Guid(f1d4fd164c69c214e981addd90f782e7) Importer(815301076,1909f56bfc062723c751e8b465ee728b)  -> (artifact id: 'b4cb2376f65f78108b808b34139570d8') in 0.003552 seconds 
  Import took 0.008856 seconds .

========================================================================
Received Import Request.
  Time since last request: 0.028783 seconds.
  path: Assets/Fantasy Skybox/Materials/Sunny 02A.mat
  artifactKey: Guid(fa95802f80bd745cfb5e9c89f7e22341) Importer(815301076,1909f56bfc062723c751e8b465ee728b)
Start importing Assets/Fantasy Skybox/Materials/Sunny 02A.mat using Guid(fa95802f80bd745cfb5e9c89f7e22341) Importer(815301076,1909f56bfc062723c751e8b465ee728b)  -> (artifact id: '78266ba1a0fab6238f9e19a6e86dc1f1') in 0.266860 seconds 
  Import took 0.270387 seconds .

========================================================================
Received Import Request.
  Time since last request: 182.558773 seconds.
  path: Assets/Materials/Sand_20.mat
  artifactKey: Guid(ebb01aea83eb4c3289308cb8a2bd2e39) Importer(815301076,1909f56bfc062723c751e8b465ee728b)
Start importing Assets/Materials/Sand_20.mat using Guid(ebb01aea83eb4c3289308cb8a2bd2e39) Importer(815301076,1909f56bfc062723c751e8b465ee728b)  -> (artifact id: 'dfb29b40705219e50c94aa462595996d') in 0.031920 seconds 
  Import took 0.036709 seconds .

========================================================================
Received Import Request.
  Time since last request: 169.661799 seconds.
  path: Assets/Scenes/MenuScene.unity
  artifactKey: Guid(ef10cca6d56f4014e839836a9ec8be85) Importer(815301076,1909f56bfc062723c751e8b465ee728b)
Start importing Assets/Scenes/MenuScene.unity using Guid(ef10cca6d56f4014e839836a9ec8be85) Importer(815301076,1909f56bfc062723c751e8b465ee728b)  -> (artifact id: '913879aefb599ea3a3beba8a766e37e8') in 0.010959 seconds 
  Import took 0.017080 seconds .

========================================================================
Received Import Request.
  Time since last request: 92.526819 seconds.
  path: Assets/MonoBehaviour/GameSkin.guiskin
  artifactKey: Guid(e67e177993e143bc89c3a5d8cb39a232) Importer(815301076,1909f56bfc062723c751e8b465ee728b)
Start importing Assets/MonoBehaviour/GameSkin.guiskin using Guid(e67e177993e143bc89c3a5d8cb39a232) Importer(815301076,1909f56bfc062723c751e8b465ee728b)  -> (artifact id: 'd066377e02284524ea8f04097fc731da') in 0.011430 seconds 
  Import took 0.015514 seconds .

========================================================================
Received Import Request.
  Time since last request: 39.067315 seconds.
  path: Assets/Prefab/Doll.prefab
  artifactKey: Guid(359c5d8cb461bb9449afaea925d0a6a3) Importer(815301076,1909f56bfc062723c751e8b465ee728b)
Start importing Assets/Prefab/Doll.prefab using Guid(359c5d8cb461bb9449afaea925d0a6a3) Importer(815301076,1909f56bfc062723c751e8b465ee728b)  -> (artifact id: '8b9598e87ea2086f603440f91074d0d1') in 0.832318 seconds 
  Import took 0.838587 seconds .

========================================================================
Received Prepare
Registering precompiled user dll's ...
Registered in 0.004836 seconds.
Begin MonoManager ReloadAssembly
Native extension for WindowsStandalone target not found
Refreshing native plugins compatible for Editor in 0.64 ms, found 2 plugins.
Preloading 0 native plugins for Editor in 0.00 ms.
Mono: successfully reloaded assembly
- Completed reload, in  1.243 seconds
Domain Reload Profiling:
	ReloadAssembly (1244ms)
		BeginReloadAssembly (133ms)
			ExecutionOrderSort (0ms)
			DisableScriptedObjects (8ms)
			BackupInstance (0ms)
			ReleaseScriptingObjects (0ms)
			CreateAndSetChildDomain (43ms)
		EndReloadAssembly (1041ms)
			LoadAssemblies (96ms)
			RebuildTransferFunctionScriptingTraits (0ms)
			SetupTypeCache (330ms)
			ReleaseScriptCaches (1ms)
			RebuildScriptCaches (52ms)
			SetupLoadedEditorAssemblies (439ms)
				LogAssemblyErrors (0ms)
				InitializePlatformSupportModulesInManaged (6ms)
				SetLoadedEditorAssemblies (1ms)
				RefreshPlugins (1ms)
				BeforeProcessingInitializeOnLoad (88ms)
				ProcessInitializeOnLoadAttributes (330ms)
				ProcessInitializeOnLoadMethodAttributes (9ms)
				AfterProcessingInitializeOnLoad (5ms)
				EditorAssembliesLoaded (0ms)
			ExecutionOrderSort2 (0ms)
			AwakeInstancesAfterBackupRestoration (9ms)
Platform modules already initialized, skipping
Switching build target platform(19) subTarget(0) extendedPlatform(0) -> platform(13) subTarget(589824) extendedPlatform(0)
Refreshing native plugins compatible for Editor in 0.52 ms, found 2 plugins.
Preloading 0 native plugins for Editor in 0.00 ms.
Unloading 1772 Unused Serialized files (Serialized files now loaded: 0)
System memory in use before: 82.5 MB.
System memory in use after: 82.7 MB.

Unloading 19 unused Assets to reduce memory usage. Loaded Objects now: 2280.
Total: 3.966700 ms (FindLiveObjects: 0.175900 ms CreateObjectMapping: 0.066500 ms MarkObjects: 3.676500 ms  DeleteObjects: 0.046500 ms)

AssetImportParameters requested are different than current active one (requested -> active):
  custom:framework-win-MediaFoundation: 216162199b28c13a410421893ffa2e32 -> 
  custom:video-decoder-ogg-theora: a1e56fd34408186e4bbccfd4996cb3dc -> 
  custom:container-muxer-webm: aa71ff27fc2769a1b78a27578f13a17b -> 
  custom:container-demuxer-webm: 4f35f7cbe854078d1ac9338744f61a02 -> 
  custom:container-demuxer-ogg: 62fdf1f143b41e24485cea50d1cbac27 -> 
  custom:video-encoder-webm-vp8: eb34c28f22e8b96e1ab97ce403110664 -> 
  custom:video-decoder-webm-vp8: 9c59270c3fd7afecdb556c50c9e8de78 -> 
  custom:graphics/normal-map-encoding: 01000000000000000000000000000000 -> 02000000000000000000000000000000
  custom:audio-decoder-ogg-vorbis: bf7c407c2cedff20999df2af8eb42d56 -> 
  custom:audio-encoder-webm-vorbis: bf7c407c2cedff20999df2af8eb42d56 -> 
========================================================================
Received Import Request.
  Time since last request: 213.899162 seconds.
  path: Assets/Materials/Sand_20.mat
  artifactKey: Guid(ebb01aea83eb4c3289308cb8a2bd2e39) Importer(815301076,1909f56bfc062723c751e8b465ee728b)
Start importing Assets/Materials/Sand_20.mat using Guid(ebb01aea83eb4c3289308cb8a2bd2e39) Importer(815301076,1909f56bfc062723c751e8b465ee728b)  -> (artifact id: '3a0958d90a8b819523b66ea8e20a505a') in 0.076960 seconds 
  Import took 0.080648 seconds .

========================================================================
Received Import Request.
  Time since last request: 10.459369 seconds.
  path: Assets/NavMesh/NavMesh.asset
  artifactKey: Guid(d45d4a5ef31b4283a208fd74fa239f80) Importer(815301076,1909f56bfc062723c751e8b465ee728b)
Start importing Assets/NavMesh/NavMesh.asset using Guid(d45d4a5ef31b4283a208fd74fa239f80) Importer(815301076,1909f56bfc062723c751e8b465ee728b)  -> (artifact id: '03c988898df13abef89ffbb17243092f') in 0.011860 seconds 
  Import took 0.015441 seconds .

========================================================================
Received Import Request.
  Time since last request: 2.524633 seconds.
  path: Assets/Scenes/GameScene.unity
  artifactKey: Guid(255dd9482cd5ec8479aeb0dd6d58bc3e) Importer(815301076,1909f56bfc062723c751e8b465ee728b)
Start importing Assets/Scenes/GameScene.unity using Guid(255dd9482cd5ec8479aeb0dd6d58bc3e) Importer(815301076,1909f56bfc062723c751e8b465ee728b)  -> (artifact id: '9899e1c6128ea2efb3483ae4328b2dde') in 0.011106 seconds 
  Import took 0.015933 seconds .

========================================================================
Received Import Request.
  Time since last request: 0.001453 seconds.
  path: Assets/Scenes/GameScene.unity
  artifactKey: Guid(255dd9482cd5ec8479aeb0dd6d58bc3e) Importer(815301076,1909f56bfc062723c751e8b465ee728b)
Start importing Assets/Scenes/GameScene.unity using Guid(255dd9482cd5ec8479aeb0dd6d58bc3e) Importer(815301076,1909f56bfc062723c751e8b465ee728b)  -> (artifact id: '9899e1c6128ea2efb3483ae4328b2dde') in 0.003460 seconds 
  Import took 0.007695 seconds .

========================================================================
Received Import Request.
  Time since last request: 28.507587 seconds.
  path: Assets/Scenes/MenuScene.unity
  artifactKey: Guid(ef10cca6d56f4014e839836a9ec8be85) Importer(815301076,1909f56bfc062723c751e8b465ee728b)
Start importing Assets/Scenes/MenuScene.unity using Guid(ef10cca6d56f4014e839836a9ec8be85) Importer(815301076,1909f56bfc062723c751e8b465ee728b)  -> (artifact id: '815b2e44e6bc58df5564d838bf9a2b6d') in 0.003658 seconds 
  Import took 0.007403 seconds .

========================================================================
Received Import Request.
  Time since last request: 0.007355 seconds.
  path: Assets/Scenes/MenuScene.unity
  artifactKey: Guid(ef10cca6d56f4014e839836a9ec8be85) Importer(815301076,1909f56bfc062723c751e8b465ee728b)
Start importing Assets/Scenes/MenuScene.unity using Guid(ef10cca6d56f4014e839836a9ec8be85) Importer(815301076,1909f56bfc062723c751e8b465ee728b)  -> (artifact id: '815b2e44e6bc58df5564d838bf9a2b6d') in 0.003452 seconds 
  Import took 0.007193 seconds .

========================================================================
Received Prepare
Registering precompiled user dll's ...
Registered in 0.004705 seconds.
Begin MonoManager ReloadAssembly
Native extension for WindowsStandalone target not found
Refreshing native plugins compatible for Editor in 0.55 ms, found 2 plugins.
Preloading 0 native plugins for Editor in 0.00 ms.
Mono: successfully reloaded assembly
- Completed reload, in  1.143 seconds
Domain Reload Profiling:
	ReloadAssembly (1144ms)
		BeginReloadAssembly (130ms)
			ExecutionOrderSort (0ms)
			DisableScriptedObjects (6ms)
			BackupInstance (0ms)
			ReleaseScriptingObjects (0ms)
			CreateAndSetChildDomain (40ms)
		EndReloadAssembly (949ms)
			LoadAssemblies (88ms)
			RebuildTransferFunctionScriptingTraits (0ms)
			SetupTypeCache (296ms)
			ReleaseScriptCaches (1ms)
			RebuildScriptCaches (51ms)
			SetupLoadedEditorAssemblies (393ms)
				LogAssemblyErrors (0ms)
				InitializePlatformSupportModulesInManaged (5ms)
				SetLoadedEditorAssemblies (0ms)
				RefreshPlugins (1ms)
				BeforeProcessingInitializeOnLoad (79ms)
				ProcessInitializeOnLoadAttributes (294ms)
				ProcessInitializeOnLoadMethodAttributes (8ms)
				AfterProcessingInitializeOnLoad (4ms)
				EditorAssembliesLoaded (0ms)
			ExecutionOrderSort2 (0ms)
			AwakeInstancesAfterBackupRestoration (8ms)
Platform modules already initialized, skipping
Switching build target platform(19) subTarget(0) extendedPlatform(0) -> platform(13) subTarget(589824) extendedPlatform(0)
Refreshing native plugins compatible for Editor in 0.51 ms, found 2 plugins.
Preloading 0 native plugins for Editor in 0.00 ms.
Unloading 1772 Unused Serialized files (Serialized files now loaded: 0)
System memory in use before: 82.6 MB.
System memory in use after: 82.7 MB.

Unloading 19 unused Assets to reduce memory usage. Loaded Objects now: 2283.
Total: 3.495700 ms (FindLiveObjects: 0.170000 ms CreateObjectMapping: 0.065600 ms MarkObjects: 3.218900 ms  DeleteObjects: 0.040200 ms)

AssetImportParameters requested are different than current active one (requested -> active):
  custom:framework-win-MediaFoundation: 216162199b28c13a410421893ffa2e32 -> 
  custom:video-decoder-ogg-theora: a1e56fd34408186e4bbccfd4996cb3dc -> 
  custom:container-muxer-webm: aa71ff27fc2769a1b78a27578f13a17b -> 
  custom:container-demuxer-webm: 4f35f7cbe854078d1ac9338744f61a02 -> 
  custom:container-demuxer-ogg: 62fdf1f143b41e24485cea50d1cbac27 -> 
  custom:video-encoder-webm-vp8: eb34c28f22e8b96e1ab97ce403110664 -> 
  custom:video-decoder-webm-vp8: 9c59270c3fd7afecdb556c50c9e8de78 -> 
  custom:graphics/normal-map-encoding: 01000000000000000000000000000000 -> 02000000000000000000000000000000
  custom:audio-decoder-ogg-vorbis: bf7c407c2cedff20999df2af8eb42d56 -> 
  custom:audio-encoder-webm-vorbis: bf7c407c2cedff20999df2af8eb42d56 -> 
========================================================================
Received Import Request.
  Time since last request: 100.923459 seconds.
  path: Assets/Scenes/GameScene.unity
  artifactKey: Guid(255dd9482cd5ec8479aeb0dd6d58bc3e) Importer(815301076,1909f56bfc062723c751e8b465ee728b)
Start importing Assets/Scenes/GameScene.unity using Guid(255dd9482cd5ec8479aeb0dd6d58bc3e) Importer(815301076,1909f56bfc062723c751e8b465ee728b)  -> (artifact id: '800520df66d10a1bc60f1bcde31252af') in 0.017501 seconds 
  Import took 0.021576 seconds .

AssetImportWorkerClient::OnTransportError - code=2 error=End of file
